<?xml version="1.0" encoding="UTF-8"?>
<testsuite xmlns:xsi="http://www.w3.org/2001/XMLSchema-instance" xsi:noNamespaceSchemaLocation="https://maven.apache.org/surefire/maven-surefire-plugin/xsd/surefire-test-report-3.0.xsd" version="3.0" name="com.example.test.LionTest" time="0.006" tests="6" errors="0" skipped="0" failures="0">
  <properties>
[...]
</properties>
  <testcase name="testGetKittensWithoutFeline" classname="com.example.test.LionTest" time="0"/>
  <testcase name="testGetFood" classname="com.example.test.LionTest" time="0"/>
  <testcase name="testGetKittens" classname="com.example.test.LionTest" time="0"/>
  <testcase name="testGetFoodWithoutFeline" classname="com.example.test.LionTest" time="0"/>
  <testcase name="testInvalidSex" classname="com.example.test.LionTest" time="0"/>
  <testcase name="testDoesHaveManeForMale" classname="com.example.test.LionTest" time="0"/>
</testsuite>